[0.487s] Invoking command in '/home/francois/00-projets/ia-ft-iot-control-robot/ros2_packages/src/realsense_publisher': PYTHONPATH=/home/francois/00-projets/ia-ft-iot-control-robot/ros2_packages/build/realsense_publisher/prefix_override:/usr/lib/python3/dist-packages/colcon_core/task/python/colcon_distutils_commands:/home/francois/00-projets/ia-ft-iot-control-robot/ros2_packages/install/realsense_publisher/lib/python3.10/site-packages:${PYTHONPATH} /usr/bin/python3 -W ignore:setup.py install is deprecated -W ignore:easy_install command is deprecated setup.py egg_info --egg-base ../../build/realsense_publisher build --build-base /home/francois/00-projets/ia-ft-iot-control-robot/ros2_packages/build/realsense_publisher/build install --record /home/francois/00-projets/ia-ft-iot-control-robot/ros2_packages/build/realsense_publisher/install.log --single-version-externally-managed install_data
[0.642s] running egg_info
[0.643s] writing ../../build/realsense_publisher/realsense_publisher.egg-info/PKG-INFO
[0.643s] writing dependency_links to ../../build/realsense_publisher/realsense_publisher.egg-info/dependency_links.txt
[0.643s] writing entry points to ../../build/realsense_publisher/realsense_publisher.egg-info/entry_points.txt
[0.643s] writing requirements to ../../build/realsense_publisher/realsense_publisher.egg-info/requires.txt
[0.643s] writing top-level names to ../../build/realsense_publisher/realsense_publisher.egg-info/top_level.txt
[0.644s] reading manifest file '../../build/realsense_publisher/realsense_publisher.egg-info/SOURCES.txt'
[0.645s] writing manifest file '../../build/realsense_publisher/realsense_publisher.egg-info/SOURCES.txt'
[0.645s] running build
[0.645s] running build_py
[0.645s] copying realsense_publisher/realsense_p.py -> /home/francois/00-projets/ia-ft-iot-control-robot/ros2_packages/build/realsense_publisher/build/lib/realsense_publisher
[0.645s] running install
[0.646s] running install_lib
[0.646s] copying /home/francois/00-projets/ia-ft-iot-control-robot/ros2_packages/build/realsense_publisher/build/lib/realsense_publisher/realsense_p.py -> /home/francois/00-projets/ia-ft-iot-control-robot/ros2_packages/install/realsense_publisher/lib/python3.10/site-packages/realsense_publisher
[0.647s] byte-compiling /home/francois/00-projets/ia-ft-iot-control-robot/ros2_packages/install/realsense_publisher/lib/python3.10/site-packages/realsense_publisher/realsense_p.py to realsense_p.cpython-310.pyc
[0.647s] running install_data
[0.647s] running install_egg_info
[0.649s] removing '/home/francois/00-projets/ia-ft-iot-control-robot/ros2_packages/install/realsense_publisher/lib/python3.10/site-packages/realsense_publisher-0.0.0-py3.10.egg-info' (and everything under it)
[0.649s] Copying ../../build/realsense_publisher/realsense_publisher.egg-info to /home/francois/00-projets/ia-ft-iot-control-robot/ros2_packages/install/realsense_publisher/lib/python3.10/site-packages/realsense_publisher-0.0.0-py3.10.egg-info
[0.649s] running install_scripts
[0.664s] Installing realsense_publisher script to /home/francois/00-projets/ia-ft-iot-control-robot/ros2_packages/install/realsense_publisher/lib/realsense_publisher
[0.664s] writing list of installed files to '/home/francois/00-projets/ia-ft-iot-control-robot/ros2_packages/build/realsense_publisher/install.log'
[0.681s] Invoked command in '/home/francois/00-projets/ia-ft-iot-control-robot/ros2_packages/src/realsense_publisher' returned '0': PYTHONPATH=/home/francois/00-projets/ia-ft-iot-control-robot/ros2_packages/build/realsense_publisher/prefix_override:/usr/lib/python3/dist-packages/colcon_core/task/python/colcon_distutils_commands:/home/francois/00-projets/ia-ft-iot-control-robot/ros2_packages/install/realsense_publisher/lib/python3.10/site-packages:${PYTHONPATH} /usr/bin/python3 -W ignore:setup.py install is deprecated -W ignore:easy_install command is deprecated setup.py egg_info --egg-base ../../build/realsense_publisher build --build-base /home/francois/00-projets/ia-ft-iot-control-robot/ros2_packages/build/realsense_publisher/build install --record /home/francois/00-projets/ia-ft-iot-control-robot/ros2_packages/build/realsense_publisher/install.log --single-version-externally-managed install_data
